<?xml version="1.0" encoding="UTF-8"?>
<testng-results skipped="0" failed="0" total="1" passed="1">
  <reporter-output>
  </reporter-output>
  <suite name="Command line suite" duration-ms="99152" started-at="2014-06-11T06:57:16Z" finished-at="2014-06-11T06:58:55Z">
    <groups>
    </groups>
    <test name="Command line test" duration-ms="99152" started-at="2014-06-11T06:57:16Z" finished-at="2014-06-11T06:58:55Z">
      <class name="com.altifin.FI.TestBalanceEnquiry">
        <test-method status="PASS" signature="setUp()[pri:0, instance:com.altifin.FI.TestBalanceEnquiry@52af6cff]" name="setUp" is-config="true" duration-ms="9322" started-at="2014-06-11T12:27:07Z" finished-at="2014-06-11T12:27:16Z">
          <reporter-output>
          </reporter-output>
        </test-method> <!-- setUp -->
        <test-method status="PASS" signature="balanceEnquiryTest(java.lang.String, java.lang.String, java.lang.String)[pri:0, instance:com.altifin.FI.TestBalanceEnquiry@52af6cff]" name="balanceEnquiryTest" duration-ms="99140" started-at="2014-06-11T12:27:16Z" data-provider="BalanceEnquiryDataProvider" finished-at="2014-06-11T12:28:55Z">
          <params>
            <param index="0">
              <value>
                <![CDATA[101000040]]>
              </value>
            </param>
            <param index="1">
              <value>
                <![CDATA[7s5h86n0]]>
              </value>
            </param>
            <param index="2">
              <value>
                <![CDATA[50000191]]>
              </value>
            </param>
          </params>
          <reporter-output>
          </reporter-output>
        </test-method> <!-- balanceEnquiryTest -->
        <test-method status="PASS" signature="tearDown()[pri:0, instance:com.altifin.FI.TestBalanceEnquiry@52af6cff]" name="tearDown" is-config="true" duration-ms="1049" started-at="2014-06-11T12:28:55Z" finished-at="2014-06-11T12:28:56Z">
          <reporter-output>
          </reporter-output>
        </test-method> <!-- tearDown -->
      </class> <!-- com.altifin.FI.TestBalanceEnquiry -->
    </test> <!-- Command line test -->
  </suite> <!-- Command line suite -->
</testng-results>
