<?xml version="1.0" encoding="UTF-8"?>
<!-- Generated by org.testng.reporters.JUnitXMLReporter -->
<testsuite hostname="MAC-PCs-Mac-mini.local" name="Functional test" tests="3" failures="0" timestamp="15 Jul 2014 09:57:13 GMT" time="0.021" errors="0">
  <testcase name="testOne" time="0.001" classname="com.icici.automation.TestIcici">
    <skipped/>
  </testcase> <!-- testOne -->
  <testcase name="testOne" time="0.0" classname="com.icici.automation.TestIcici">
    <skipped/>
  </testcase> <!-- testOne -->
  <testcase name="testTwo" time="0.0" classname="com.icici.automation.TestIcici">
    <skipped/>
  </testcase> <!-- testTwo -->
</testsuite> <!-- Functional test -->
